  [1m[36m (6.3ms)[0m  [1mCREATE TABLE "schema_migrations" ("version" varchar NOT NULL) [0m
  [1m[35m (0.1ms)[0m  select sqlite_version(*)
  [1m[36m (4.7ms)[0m  [1mCREATE UNIQUE INDEX "unique_schema_migrations" ON "schema_migrations" ("version")[0m
  [1m[35mActiveRecord::SchemaMigration Load (0.1ms)[0m  SELECT "schema_migrations".* FROM "schema_migrations"
Migrating to CreateAddresses (20150309222102)
  [1m[36m (0.1ms)[0m  [1mbegin transaction[0m
  [1m[35m (0.4ms)[0m  CREATE TABLE "addresses" ("id" INTEGER PRIMARY KEY AUTOINCREMENT NOT NULL, "name" varchar, "email" varchar, "phone" varchar, "created_at" datetime NOT NULL, "updated_at" datetime NOT NULL) 
  [1m[36mSQL (0.2ms)[0m  [1mINSERT INTO "schema_migrations" ("version") VALUES (?)[0m  [["version", "20150309222102"]]
  [1m[35m (5.2ms)[0m  commit transaction
  [1m[36mActiveRecord::SchemaMigration Load (0.1ms)[0m  [1mSELECT "schema_migrations".* FROM "schema_migrations"[0m
  [1m[36mActiveRecord::SchemaMigration Load (0.1ms)[0m  [1mSELECT "schema_migrations".* FROM "schema_migrations"[0m


Started GET "/" for 127.0.0.1 at 2016-03-01 15:29:03 -0500
  [1m[36mActiveRecord::SchemaMigration Load (0.1ms)[0m  [1mSELECT "schema_migrations".* FROM "schema_migrations"[0m
Processing by AddressesController#index as HTML
  [1m[35mAddress Load (0.2ms)[0m  SELECT "addresses".* FROM "addresses"
  Rendered addresses/index.html.erb within layouts/application (57.2ms)
Completed 200 OK in 3408ms (Views: 3378.3ms | ActiveRecord: 0.3ms)


Started GET "/assets/addresses-64e62ddc273c2f5847f30d698ca14b67.css?body=1" for 127.0.0.1 at 2016-03-01 15:29:07 -0500


Started GET "/assets/bootstrap_and_overrides-c898afd34e65cf96cc891719e5c6da70.css?body=1" for 127.0.0.1 at 2016-03-01 15:29:07 -0500


Started GET "/assets/scaffolds-19608161e224f8c5bb1196054caadf43.css?body=1" for 127.0.0.1 at 2016-03-01 15:29:07 -0500


Started GET "/assets/jquery-87424c3c19e96d4fb033c10ebe21ec40.js?body=1" for 127.0.0.1 at 2016-03-01 15:29:07 -0500


Started GET "/assets/application-b502c2352757bcfbfb3dcc4f0649833f.css?body=1" for 127.0.0.1 at 2016-03-01 15:29:07 -0500


Started GET "/assets/twitter/bootstrap/alert-4fa131fff2ae05a1d89df662cd4a8531.js?body=1" for 127.0.0.1 at 2016-03-01 15:29:07 -0500


Started GET "/assets/twitter/bootstrap/transition-49c071d4d736acca69daed5bd6c4fdbd.js?body=1" for 127.0.0.1 at 2016-03-01 15:29:07 -0500


Started GET "/assets/jquery_ujs-e27bd20a10d28155845a22d71ef94f2f.js?body=1" for 127.0.0.1 at 2016-03-01 15:29:07 -0500


Started GET "/assets/twitter/bootstrap/modal-d403efa7333c333fdeecc5daa727c437.js?body=1" for 127.0.0.1 at 2016-03-01 15:29:07 -0500


Started GET "/assets/twitter/bootstrap/dropdown-89b3696cc302eaf377aca640fae08632.js?body=1" for 127.0.0.1 at 2016-03-01 15:29:07 -0500


Started GET "/assets/twitter/bootstrap/scrollspy-f3a0e91892e9edb7ccced4ed84ff23ec.js?body=1" for 127.0.0.1 at 2016-03-01 15:29:07 -0500


Started GET "/assets/twitter/bootstrap/tooltip-1727c885f6618bb619e6a29ef0496d11.js?body=1" for 127.0.0.1 at 2016-03-01 15:29:07 -0500


Started GET "/assets/twitter/bootstrap/tab-fab339701c02e2cb7d02570dd26fcf10.js?body=1" for 127.0.0.1 at 2016-03-01 15:29:07 -0500


Started GET "/assets/twitter/bootstrap/popover-c19ae92999a32fa658ffe5d5cc13d195.js?body=1" for 127.0.0.1 at 2016-03-01 15:29:07 -0500


Started GET "/assets/twitter/bootstrap/button-dcd83af4b8aa46a9026dec4ea360a003.js?body=1" for 127.0.0.1 at 2016-03-01 15:29:07 -0500


Started GET "/assets/twitter/bootstrap/collapse-cfd6f6e5cff9c41e78cc52464a71358b.js?body=1" for 127.0.0.1 at 2016-03-01 15:29:07 -0500


Started GET "/assets/twitter/bootstrap/carousel-ac6115504ba6a31f58406c5978a6aa20.js?body=1" for 127.0.0.1 at 2016-03-01 15:29:08 -0500


Started GET "/assets/twitter/bootstrap-4a7c8463ef111cbe52eec5efe89f8319.js?body=1" for 127.0.0.1 at 2016-03-01 15:29:08 -0500


Started GET "/assets/twitter/bootstrap/affix-745457a96802e8f61e15a7622b54b68f.js?body=1" for 127.0.0.1 at 2016-03-01 15:29:08 -0500


Started GET "/assets/turbolinks-f87b3583ca50adb0488b031297f5580d.js?body=1" for 127.0.0.1 at 2016-03-01 15:29:08 -0500


Started GET "/assets/addresses-fcec5b5a277ac7c20cc9f45a209a3bcd.js?body=1" for 127.0.0.1 at 2016-03-01 15:29:08 -0500


Started GET "/assets/bootstrap-91416daf9f05a6e9ca13ef54aa8dcb39.js?body=1" for 127.0.0.1 at 2016-03-01 15:29:08 -0500


Started GET "/assets/application-bbe0484434bc68fc43250b06cbcd33fb.js?body=1" for 127.0.0.1 at 2016-03-01 15:29:08 -0500


Started GET "/addresses/new" for 127.0.0.1 at 2016-03-01 15:30:41 -0500
Processing by AddressesController#new as HTML
  Rendered addresses/_form.html.erb (38.7ms)
  Rendered addresses/new.html.erb within layouts/application (62.8ms)
Completed 200 OK in 252ms (Views: 241.5ms | ActiveRecord: 0.3ms)


Started POST "/addresses" for 127.0.0.1 at 2016-03-01 15:31:00 -0500
Processing by AddressesController#create as HTML
  Parameters: {"utf8"=>"✓", "authenticity_token"=>"5j8RO2OHoGOWRy/9Gn1lmE8IVb5CHKCi+tN4b586ugSoCrjm7U6nJJ1OH8a9LXO/QD0IGBehbjJ8FaW4/4OGfQ==", "address"=>{"name"=>"Gabriel", "email"=>"Brandao@orange.com", "phone"=>"73212341234"}, "commit"=>"Create Address"}
  [1m[36m (0.1ms)[0m  [1mbegin transaction[0m
  [1m[35mSQL (2.6ms)[0m  INSERT INTO "addresses" ("name", "email", "phone", "created_at", "updated_at") VALUES (?, ?, ?, ?, ?)  [["name", "Gabriel"], ["email", "Brandao@orange.com"], ["phone", "73212341234"], ["created_at", "2016-03-01 20:31:00.157496"], ["updated_at", "2016-03-01 20:31:00.157496"]]
  [1m[36m (4.5ms)[0m  [1mcommit transaction[0m
Redirected to http://localhost:3000/addresses/1
Completed 302 Found in 20ms (ActiveRecord: 7.3ms)


Started GET "/addresses/1" for 127.0.0.1 at 2016-03-01 15:31:00 -0500
Processing by AddressesController#show as HTML
  Parameters: {"id"=>"1"}
  [1m[35mAddress Load (0.3ms)[0m  SELECT  "addresses".* FROM "addresses" WHERE "addresses"."id" = ? LIMIT 1  [["id", 1]]
  Rendered addresses/show.html.erb within layouts/application (3.2ms)
Completed 200 OK in 223ms (Views: 176.4ms | ActiveRecord: 0.3ms)


Started GET "/addresses" for 127.0.0.1 at 2016-03-01 15:31:02 -0500
Processing by AddressesController#index as HTML
  [1m[36mAddress Load (0.3ms)[0m  [1mSELECT "addresses".* FROM "addresses"[0m
  Rendered addresses/index.html.erb within layouts/application (8.1ms)
Completed 200 OK in 138ms (Views: 136.8ms | ActiveRecord: 0.3ms)


Started GET "/addresses" for 127.0.0.1 at 2016-03-01 15:32:24 -0500
  [1m[36mActiveRecord::SchemaMigration Load (0.1ms)[0m  [1mSELECT "schema_migrations".* FROM "schema_migrations"[0m
Processing by AddressesController#index as HTML
  [1m[35mAddress Load (0.2ms)[0m  SELECT "addresses".* FROM "addresses"
  Rendered addresses/index.html.erb within layouts/application (19.9ms)
Completed 200 OK in 329ms (Views: 317.2ms | ActiveRecord: 0.6ms)


Started GET "/assets/addresses-64e62ddc273c2f5847f30d698ca14b67.css?body=1" for 127.0.0.1 at 2016-03-01 15:32:24 -0500


Started GET "/assets/bootstrap_and_overrides-c898afd34e65cf96cc891719e5c6da70.css?body=1" for 127.0.0.1 at 2016-03-01 15:32:24 -0500


Started GET "/assets/scaffolds-19608161e224f8c5bb1196054caadf43.css?body=1" for 127.0.0.1 at 2016-03-01 15:32:24 -0500


Started GET "/assets/application-b502c2352757bcfbfb3dcc4f0649833f.css?body=1" for 127.0.0.1 at 2016-03-01 15:32:24 -0500


Started GET "/assets/twitter/bootstrap/transition-49c071d4d736acca69daed5bd6c4fdbd.js?body=1" for 127.0.0.1 at 2016-03-01 15:32:24 -0500


Started GET "/assets/jquery_ujs-e27bd20a10d28155845a22d71ef94f2f.js?body=1" for 127.0.0.1 at 2016-03-01 15:32:24 -0500


Started GET "/assets/twitter/bootstrap/alert-4fa131fff2ae05a1d89df662cd4a8531.js?body=1" for 127.0.0.1 at 2016-03-01 15:32:24 -0500


Started GET "/assets/jquery-87424c3c19e96d4fb033c10ebe21ec40.js?body=1" for 127.0.0.1 at 2016-03-01 15:32:24 -0500


Started GET "/assets/twitter/bootstrap/modal-d403efa7333c333fdeecc5daa727c437.js?body=1" for 127.0.0.1 at 2016-03-01 15:32:24 -0500


Started GET "/assets/twitter/bootstrap/dropdown-89b3696cc302eaf377aca640fae08632.js?body=1" for 127.0.0.1 at 2016-03-01 15:32:24 -0500


Started GET "/assets/twitter/bootstrap/scrollspy-f3a0e91892e9edb7ccced4ed84ff23ec.js?body=1" for 127.0.0.1 at 2016-03-01 15:32:24 -0500


Started GET "/assets/twitter/bootstrap/tab-fab339701c02e2cb7d02570dd26fcf10.js?body=1" for 127.0.0.1 at 2016-03-01 15:32:24 -0500


Started GET "/assets/twitter/bootstrap/tooltip-1727c885f6618bb619e6a29ef0496d11.js?body=1" for 127.0.0.1 at 2016-03-01 15:32:24 -0500


Started GET "/assets/twitter/bootstrap/popover-c19ae92999a32fa658ffe5d5cc13d195.js?body=1" for 127.0.0.1 at 2016-03-01 15:32:24 -0500


Started GET "/assets/twitter/bootstrap/button-dcd83af4b8aa46a9026dec4ea360a003.js?body=1" for 127.0.0.1 at 2016-03-01 15:32:24 -0500


Started GET "/assets/twitter/bootstrap/collapse-cfd6f6e5cff9c41e78cc52464a71358b.js?body=1" for 127.0.0.1 at 2016-03-01 15:32:25 -0500


Started GET "/assets/twitter/bootstrap/carousel-ac6115504ba6a31f58406c5978a6aa20.js?body=1" for 127.0.0.1 at 2016-03-01 15:32:25 -0500


Started GET "/assets/twitter/bootstrap/affix-745457a96802e8f61e15a7622b54b68f.js?body=1" for 127.0.0.1 at 2016-03-01 15:32:25 -0500


Started GET "/assets/twitter/bootstrap-4a7c8463ef111cbe52eec5efe89f8319.js?body=1" for 127.0.0.1 at 2016-03-01 15:32:25 -0500


Started GET "/assets/turbolinks-f87b3583ca50adb0488b031297f5580d.js?body=1" for 127.0.0.1 at 2016-03-01 15:32:25 -0500


Started GET "/assets/addresses-fcec5b5a277ac7c20cc9f45a209a3bcd.js?body=1" for 127.0.0.1 at 2016-03-01 15:32:25 -0500


Started GET "/assets/bootstrap-91416daf9f05a6e9ca13ef54aa8dcb39.js?body=1" for 127.0.0.1 at 2016-03-01 15:32:25 -0500


Started GET "/assets/application-bbe0484434bc68fc43250b06cbcd33fb.js?body=1" for 127.0.0.1 at 2016-03-01 15:32:25 -0500


Started GET "/addresses" for 127.0.0.1 at 2016-03-01 15:34:16 -0500
  [1m[36mActiveRecord::SchemaMigration Load (0.1ms)[0m  [1mSELECT "schema_migrations".* FROM "schema_migrations"[0m
Processing by AddressesController#index as HTML
  [1m[35mAddress Load (0.2ms)[0m  SELECT "addresses".* FROM "addresses"
  Rendered addresses/index.html.erb within layouts/application (17.5ms)
Completed 200 OK in 302ms (Views: 286.5ms | ActiveRecord: 0.5ms)


Started GET "/assets/addresses-64e62ddc273c2f5847f30d698ca14b67.css?body=1" for 127.0.0.1 at 2016-03-01 15:34:17 -0500


Started GET "/assets/bootstrap_and_overrides-c898afd34e65cf96cc891719e5c6da70.css?body=1" for 127.0.0.1 at 2016-03-01 15:34:17 -0500


Started GET "/assets/scaffolds-19608161e224f8c5bb1196054caadf43.css?body=1" for 127.0.0.1 at 2016-03-01 15:34:17 -0500


Started GET "/assets/application-b502c2352757bcfbfb3dcc4f0649833f.css?body=1" for 127.0.0.1 at 2016-03-01 15:34:17 -0500


Started GET "/assets/jquery_ujs-e27bd20a10d28155845a22d71ef94f2f.js?body=1" for 127.0.0.1 at 2016-03-01 15:34:17 -0500


Started GET "/assets/twitter/bootstrap/transition-49c071d4d736acca69daed5bd6c4fdbd.js?body=1" for 127.0.0.1 at 2016-03-01 15:34:17 -0500


Started GET "/assets/jquery-87424c3c19e96d4fb033c10ebe21ec40.js?body=1" for 127.0.0.1 at 2016-03-01 15:34:17 -0500


Started GET "/assets/twitter/bootstrap/alert-4fa131fff2ae05a1d89df662cd4a8531.js?body=1" for 127.0.0.1 at 2016-03-01 15:34:17 -0500


Started GET "/assets/twitter/bootstrap/modal-d403efa7333c333fdeecc5daa727c437.js?body=1" for 127.0.0.1 at 2016-03-01 15:34:17 -0500


Started GET "/assets/twitter/bootstrap/dropdown-89b3696cc302eaf377aca640fae08632.js?body=1" for 127.0.0.1 at 2016-03-01 15:34:17 -0500


Started GET "/assets/twitter/bootstrap/scrollspy-f3a0e91892e9edb7ccced4ed84ff23ec.js?body=1" for 127.0.0.1 at 2016-03-01 15:34:17 -0500


Started GET "/assets/twitter/bootstrap/tab-fab339701c02e2cb7d02570dd26fcf10.js?body=1" for 127.0.0.1 at 2016-03-01 15:34:17 -0500


Started GET "/assets/twitter/bootstrap/tooltip-1727c885f6618bb619e6a29ef0496d11.js?body=1" for 127.0.0.1 at 2016-03-01 15:34:17 -0500


Started GET "/assets/twitter/bootstrap/popover-c19ae92999a32fa658ffe5d5cc13d195.js?body=1" for 127.0.0.1 at 2016-03-01 15:34:17 -0500


Started GET "/assets/twitter/bootstrap/button-dcd83af4b8aa46a9026dec4ea360a003.js?body=1" for 127.0.0.1 at 2016-03-01 15:34:17 -0500


Started GET "/assets/twitter/bootstrap/collapse-cfd6f6e5cff9c41e78cc52464a71358b.js?body=1" for 127.0.0.1 at 2016-03-01 15:34:17 -0500


Started GET "/assets/twitter/bootstrap/carousel-ac6115504ba6a31f58406c5978a6aa20.js?body=1" for 127.0.0.1 at 2016-03-01 15:34:17 -0500


Started GET "/assets/twitter/bootstrap/affix-745457a96802e8f61e15a7622b54b68f.js?body=1" for 127.0.0.1 at 2016-03-01 15:34:17 -0500


Started GET "/assets/twitter/bootstrap-4a7c8463ef111cbe52eec5efe89f8319.js?body=1" for 127.0.0.1 at 2016-03-01 15:34:17 -0500


Started GET "/assets/turbolinks-f87b3583ca50adb0488b031297f5580d.js?body=1" for 127.0.0.1 at 2016-03-01 15:34:17 -0500


Started GET "/assets/addresses-fcec5b5a277ac7c20cc9f45a209a3bcd.js?body=1" for 127.0.0.1 at 2016-03-01 15:34:17 -0500


Started GET "/assets/bootstrap-91416daf9f05a6e9ca13ef54aa8dcb39.js?body=1" for 127.0.0.1 at 2016-03-01 15:34:17 -0500


Started GET "/assets/application-bbe0484434bc68fc43250b06cbcd33fb.js?body=1" for 127.0.0.1 at 2016-03-01 15:34:17 -0500
  [1m[36mActiveRecord::SchemaMigration Load (0.1ms)[0m  [1mSELECT "schema_migrations".* FROM "schema_migrations"[0m
  [1m[35mActiveRecord::SchemaMigration Load (0.1ms)[0m  SELECT "schema_migrations".* FROM "schema_migrations"
  [1m[36mActiveRecord::SchemaMigration Load (0.1ms)[0m  [1mSELECT "schema_migrations".* FROM "schema_migrations"[0m


Started GET "/" for 127.0.0.1 at 2016-03-01 15:42:40 -0500
  [1m[36mActiveRecord::SchemaMigration Load (0.1ms)[0m  [1mSELECT "schema_migrations".* FROM "schema_migrations"[0m
Processing by AddressesController#index as HTML
  [1m[35mAddress Load (0.2ms)[0m  SELECT "addresses".* FROM "addresses"
  Rendered addresses/index.html.erb within layouts/application (44.7ms)
Completed 500 Internal Server Error in 70ms

ActionView::Template::Error (undefined method `home_number' for #<Address:0x007ff770b67ed8>):
    18:         <td><%= address.name %></td>
    19:         <td><%= address.email %></td>
    20:         <td><%= address.phone %></td>
    21:         <td><%=l address.home_number %></td>
    22:         <td>
    23:           <%= link_to t('.edit', :default => t("helpers.links.edit")),
    24:                       edit_address_path(address), :class => 'btn btn-default btn-xs' %>
  app/views/addresses/index.html.erb:21:in `block in _app_views_addresses_index_html_erb___736084338990036238_70350529127540'
  app/views/addresses/index.html.erb:15:in `_app_views_addresses_index_html_erb___736084338990036238_70350529127540'


  Rendered /home/csuser/.rbenv/versions/2.1.5/lib/ruby/gems/2.1.0/gems/actionpack-4.2.0/lib/action_dispatch/middleware/templates/rescues/_source.erb (6.3ms)
  Rendered /home/csuser/.rbenv/versions/2.1.5/lib/ruby/gems/2.1.0/gems/actionpack-4.2.0/lib/action_dispatch/middleware/templates/rescues/_trace.html.erb (2.9ms)
  Rendered /home/csuser/.rbenv/versions/2.1.5/lib/ruby/gems/2.1.0/gems/actionpack-4.2.0/lib/action_dispatch/middleware/templates/rescues/_request_and_response.html.erb (1.2ms)
  Rendered /home/csuser/.rbenv/versions/2.1.5/lib/ruby/gems/2.1.0/gems/actionpack-4.2.0/lib/action_dispatch/middleware/templates/rescues/template_error.html.erb within rescues/layout (31.5ms)
  Rendered /home/csuser/.rbenv/versions/2.1.5/lib/ruby/gems/2.1.0/gems/web-console-2.1.1/lib/web_console/templates/_markup.html (0.5ms)
  Rendered /home/csuser/.rbenv/versions/2.1.5/lib/ruby/gems/2.1.0/gems/web-console-2.1.1/lib/web_console/templates/style.css within layouts/inlined_string (0.3ms)
  Rendered /home/csuser/.rbenv/versions/2.1.5/lib/ruby/gems/2.1.0/gems/web-console-2.1.1/lib/web_console/templates/_inner_console_markup.html within layouts/inlined_string (0.4ms)
  Rendered /home/csuser/.rbenv/versions/2.1.5/lib/ruby/gems/2.1.0/gems/web-console-2.1.1/lib/web_console/templates/_prompt_box_markup.html within layouts/inlined_string (0.6ms)
  Rendered /home/csuser/.rbenv/versions/2.1.5/lib/ruby/gems/2.1.0/gems/web-console-2.1.1/lib/web_console/templates/console.js within layouts/javascript (20.2ms)
  Rendered /home/csuser/.rbenv/versions/2.1.5/lib/ruby/gems/2.1.0/gems/web-console-2.1.1/lib/web_console/templates/main.js within layouts/javascript (0.4ms)
  Rendered /home/csuser/.rbenv/versions/2.1.5/lib/ruby/gems/2.1.0/gems/web-console-2.1.1/lib/web_console/templates/error_page.js within layouts/javascript (0.4ms)
  Rendered /home/csuser/.rbenv/versions/2.1.5/lib/ruby/gems/2.1.0/gems/web-console-2.1.1/lib/web_console/templates/index.html (70.7ms)
  [1m[36mActiveRecord::SchemaMigration Load (0.1ms)[0m  [1mSELECT "schema_migrations".* FROM "schema_migrations"[0m
  [1m[35mActiveRecord::SchemaMigration Load (0.1ms)[0m  SELECT "schema_migrations".* FROM "schema_migrations"
  [1m[36mActiveRecord::SchemaMigration Load (0.1ms)[0m  [1mSELECT "schema_migrations".* FROM "schema_migrations"[0m
  [1m[36mActiveRecord::SchemaMigration Load (0.1ms)[0m  [1mSELECT "schema_migrations".* FROM "schema_migrations"[0m
  [1m[36mActiveRecord::SchemaMigration Load (0.1ms)[0m  [1mSELECT "schema_migrations".* FROM "schema_migrations"[0m
  [1m[35mActiveRecord::SchemaMigration Load (0.1ms)[0m  SELECT "schema_migrations".* FROM "schema_migrations"
  [1m[36mActiveRecord::SchemaMigration Load (0.1ms)[0m  [1mSELECT "schema_migrations".* FROM "schema_migrations"[0m
  [1m[36mActiveRecord::SchemaMigration Load (0.1ms)[0m  [1mSELECT "schema_migrations".* FROM "schema_migrations"[0m


Started GET "/" for 127.0.0.1 at 2016-03-01 15:48:07 -0500
  [1m[36mActiveRecord::SchemaMigration Load (0.1ms)[0m  [1mSELECT "schema_migrations".* FROM "schema_migrations"[0m
Processing by AddressesController#index as HTML
  [1m[35mAddress Load (0.2ms)[0m  SELECT "addresses".* FROM "addresses"
  Rendered addresses/index.html.erb within layouts/application (25.1ms)
Completed 500 Internal Server Error in 50ms

ActionView::Template::Error (undefined method `home_number' for #<Address:0x007f63d8b67ef0>):
    18:         <td><%= address.name %></td>
    19:         <td><%= address.email %></td>
    20:         <td><%= address.phone %></td>
    21:         <td><%=l address.home_number %></td>
    22:         <td>
    23:           <%= link_to t('.edit', :default => t("helpers.links.edit")),
    24:                       edit_address_path(address), :class => 'btn btn-default btn-xs' %>
  app/views/addresses/index.html.erb:21:in `block in _app_views_addresses_index_html_erb___42274618876280332_70033584201400'
  app/views/addresses/index.html.erb:15:in `_app_views_addresses_index_html_erb___42274618876280332_70033584201400'


  Rendered /home/csuser/.rbenv/versions/2.1.5/lib/ruby/gems/2.1.0/gems/actionpack-4.2.0/lib/action_dispatch/middleware/templates/rescues/_source.erb (8.8ms)
  Rendered /home/csuser/.rbenv/versions/2.1.5/lib/ruby/gems/2.1.0/gems/actionpack-4.2.0/lib/action_dispatch/middleware/templates/rescues/_trace.html.erb (2.7ms)
  Rendered /home/csuser/.rbenv/versions/2.1.5/lib/ruby/gems/2.1.0/gems/actionpack-4.2.0/lib/action_dispatch/middleware/templates/rescues/_request_and_response.html.erb (1.0ms)
  Rendered /home/csuser/.rbenv/versions/2.1.5/lib/ruby/gems/2.1.0/gems/actionpack-4.2.0/lib/action_dispatch/middleware/templates/rescues/template_error.html.erb within rescues/layout (26.8ms)
  Rendered /home/csuser/.rbenv/versions/2.1.5/lib/ruby/gems/2.1.0/gems/web-console-2.1.1/lib/web_console/templates/_markup.html (0.5ms)
  Rendered /home/csuser/.rbenv/versions/2.1.5/lib/ruby/gems/2.1.0/gems/web-console-2.1.1/lib/web_console/templates/style.css within layouts/inlined_string (0.4ms)
  Rendered /home/csuser/.rbenv/versions/2.1.5/lib/ruby/gems/2.1.0/gems/web-console-2.1.1/lib/web_console/templates/_inner_console_markup.html within layouts/inlined_string (0.4ms)
  Rendered /home/csuser/.rbenv/versions/2.1.5/lib/ruby/gems/2.1.0/gems/web-console-2.1.1/lib/web_console/templates/_prompt_box_markup.html within layouts/inlined_string (0.4ms)
  Rendered /home/csuser/.rbenv/versions/2.1.5/lib/ruby/gems/2.1.0/gems/web-console-2.1.1/lib/web_console/templates/console.js within layouts/javascript (20.1ms)
  Rendered /home/csuser/.rbenv/versions/2.1.5/lib/ruby/gems/2.1.0/gems/web-console-2.1.1/lib/web_console/templates/main.js within layouts/javascript (0.2ms)
  Rendered /home/csuser/.rbenv/versions/2.1.5/lib/ruby/gems/2.1.0/gems/web-console-2.1.1/lib/web_console/templates/error_page.js within layouts/javascript (0.5ms)
  Rendered /home/csuser/.rbenv/versions/2.1.5/lib/ruby/gems/2.1.0/gems/web-console-2.1.1/lib/web_console/templates/index.html (43.9ms)
  [1m[36mActiveRecord::SchemaMigration Load (0.1ms)[0m  [1mSELECT "schema_migrations".* FROM "schema_migrations"[0m
  [1m[35mActiveRecord::SchemaMigration Load (0.1ms)[0m  SELECT "schema_migrations".* FROM "schema_migrations"
  [1m[36mActiveRecord::SchemaMigration Load (0.1ms)[0m  [1mSELECT "schema_migrations".* FROM "schema_migrations"[0m
  [1m[36mActiveRecord::SchemaMigration Load (0.1ms)[0m  [1mSELECT "schema_migrations".* FROM "schema_migrations"[0m
Migrating to Addhomephone (20160301205020)
  [1m[35m (0.1ms)[0m  begin transaction
  [1m[36m (0.4ms)[0m  [1mALTER TABLE "addresses" ADD "home_phone" varchar[0m
  [1m[35mSQL (0.2ms)[0m  INSERT INTO "schema_migrations" ("version") VALUES (?)  [["version", "20160301205020"]]
  [1m[36m (4.1ms)[0m  [1mcommit transaction[0m
  [1m[35mActiveRecord::SchemaMigration Load (0.1ms)[0m  SELECT "schema_migrations".* FROM "schema_migrations"
  [1m[36mActiveRecord::SchemaMigration Load (0.1ms)[0m  [1mSELECT "schema_migrations".* FROM "schema_migrations"[0m
  [1m[35m (0.1ms)[0m  begin transaction
  [1m[36mSQL (0.3ms)[0m  [1mINSERT INTO "addresses" ("name", "email", "phone", "home_phone", "created_at", "updated_at") VALUES (?, ?, ?, ?, ?, ?)[0m  [["name", "Sherlock"], ["email", "sherlock@gmail.com"], ["phone", "745-4343"], ["home_phone", "323244234"], ["created_at", "2016-03-01 20:52:25.289480"], ["updated_at", "2016-03-01 20:52:25.289480"]]
  [1m[35m (2.9ms)[0m  commit transaction
  [1m[36m (0.0ms)[0m  [1mbegin transaction[0m
  [1m[35mSQL (0.2ms)[0m  INSERT INTO "addresses" ("name", "email", "phone", "home_phone", "created_at", "updated_at") VALUES (?, ?, ?, ?, ?, ?)  [["name", "Jill"], ["email", "jil@gmail.com"], ["phone", "645-6364"], ["home_phone", "323244234"], ["created_at", "2016-03-01 20:52:25.296381"], ["updated_at", "2016-03-01 20:52:25.296381"]]
  [1m[36m (2.3ms)[0m  [1mcommit transaction[0m


Started GET "/" for 127.0.0.1 at 2016-03-01 15:52:33 -0500
  [1m[36mActiveRecord::SchemaMigration Load (0.1ms)[0m  [1mSELECT "schema_migrations".* FROM "schema_migrations"[0m
Processing by AddressesController#index as HTML
  [1m[35mAddress Load (0.2ms)[0m  SELECT "addresses".* FROM "addresses"
  Rendered addresses/index.html.erb within layouts/application (21.6ms)
Completed 500 Internal Server Error in 43ms

ActionView::Template::Error (undefined method `home_number' for #<Address:0x007fc494be33a8>):
    18:         <td><%= address.name %></td>
    19:         <td><%= address.email %></td>
    20:         <td><%= address.phone %></td>
    21:         <td><%=l address.home_number %></td>
    22:         <td>
    23:           <%= link_to t('.edit', :default => t("helpers.links.edit")),
    24:                       edit_address_path(address), :class => 'btn btn-default btn-xs' %>
  app/views/addresses/index.html.erb:21:in `block in _app_views_addresses_index_html_erb___3711976995688978367_70241141717180'
  app/views/addresses/index.html.erb:15:in `_app_views_addresses_index_html_erb___3711976995688978367_70241141717180'


  Rendered /home/csuser/.rbenv/versions/2.1.5/lib/ruby/gems/2.1.0/gems/actionpack-4.2.0/lib/action_dispatch/middleware/templates/rescues/_source.erb (7.3ms)
  Rendered /home/csuser/.rbenv/versions/2.1.5/lib/ruby/gems/2.1.0/gems/actionpack-4.2.0/lib/action_dispatch/middleware/templates/rescues/_trace.html.erb (2.6ms)
  Rendered /home/csuser/.rbenv/versions/2.1.5/lib/ruby/gems/2.1.0/gems/actionpack-4.2.0/lib/action_dispatch/middleware/templates/rescues/_request_and_response.html.erb (0.8ms)
  Rendered /home/csuser/.rbenv/versions/2.1.5/lib/ruby/gems/2.1.0/gems/actionpack-4.2.0/lib/action_dispatch/middleware/templates/rescues/template_error.html.erb within rescues/layout (21.4ms)
  Rendered /home/csuser/.rbenv/versions/2.1.5/lib/ruby/gems/2.1.0/gems/web-console-2.1.1/lib/web_console/templates/_markup.html (0.7ms)
  Rendered /home/csuser/.rbenv/versions/2.1.5/lib/ruby/gems/2.1.0/gems/web-console-2.1.1/lib/web_console/templates/style.css within layouts/inlined_string (0.4ms)
  Rendered /home/csuser/.rbenv/versions/2.1.5/lib/ruby/gems/2.1.0/gems/web-console-2.1.1/lib/web_console/templates/_inner_console_markup.html within layouts/inlined_string (0.4ms)
  Rendered /home/csuser/.rbenv/versions/2.1.5/lib/ruby/gems/2.1.0/gems/web-console-2.1.1/lib/web_console/templates/_prompt_box_markup.html within layouts/inlined_string (0.3ms)
  Rendered /home/csuser/.rbenv/versions/2.1.5/lib/ruby/gems/2.1.0/gems/web-console-2.1.1/lib/web_console/templates/console.js within layouts/javascript (22.6ms)
  Rendered /home/csuser/.rbenv/versions/2.1.5/lib/ruby/gems/2.1.0/gems/web-console-2.1.1/lib/web_console/templates/main.js within layouts/javascript (0.4ms)
  Rendered /home/csuser/.rbenv/versions/2.1.5/lib/ruby/gems/2.1.0/gems/web-console-2.1.1/lib/web_console/templates/error_page.js within layouts/javascript (0.5ms)
  Rendered /home/csuser/.rbenv/versions/2.1.5/lib/ruby/gems/2.1.0/gems/web-console-2.1.1/lib/web_console/templates/index.html (51.0ms)


Started GET "/" for 127.0.0.1 at 2016-03-01 15:53:22 -0500
  [1m[36mActiveRecord::SchemaMigration Load (0.1ms)[0m  [1mSELECT "schema_migrations".* FROM "schema_migrations"[0m
Processing by AddressesController#index as HTML
  [1m[35mAddress Load (0.2ms)[0m  SELECT "addresses".* FROM "addresses"
  Rendered addresses/index.html.erb within layouts/application (20.7ms)
Completed 500 Internal Server Error in 45ms

ActionView::Template::Error (undefined method `home_number' for #<Address:0x007f1280c31a88>):
    18:         <td><%= address.name %></td>
    19:         <td><%= address.email %></td>
    20:         <td><%= address.phone %></td>
    21:         <td><%=l address.home_number %></td>
    22:         <td>
    23:           <%= link_to t('.edit', :default => t("helpers.links.edit")),
    24:                       edit_address_path(address), :class => 'btn btn-default btn-xs' %>
  app/views/addresses/index.html.erb:21:in `block in _app_views_addresses_index_html_erb__1663523579846016328_69858722008180'
  app/views/addresses/index.html.erb:15:in `_app_views_addresses_index_html_erb__1663523579846016328_69858722008180'


  Rendered /home/csuser/.rbenv/versions/2.1.5/lib/ruby/gems/2.1.0/gems/actionpack-4.2.0/lib/action_dispatch/middleware/templates/rescues/_source.erb (6.9ms)
  Rendered /home/csuser/.rbenv/versions/2.1.5/lib/ruby/gems/2.1.0/gems/actionpack-4.2.0/lib/action_dispatch/middleware/templates/rescues/_trace.html.erb (3.9ms)
  Rendered /home/csuser/.rbenv/versions/2.1.5/lib/ruby/gems/2.1.0/gems/actionpack-4.2.0/lib/action_dispatch/middleware/templates/rescues/_request_and_response.html.erb (1.0ms)
  Rendered /home/csuser/.rbenv/versions/2.1.5/lib/ruby/gems/2.1.0/gems/actionpack-4.2.0/lib/action_dispatch/middleware/templates/rescues/template_error.html.erb within rescues/layout (22.5ms)
  Rendered /home/csuser/.rbenv/versions/2.1.5/lib/ruby/gems/2.1.0/gems/web-console-2.1.1/lib/web_console/templates/_markup.html (0.5ms)
  Rendered /home/csuser/.rbenv/versions/2.1.5/lib/ruby/gems/2.1.0/gems/web-console-2.1.1/lib/web_console/templates/style.css within layouts/inlined_string (0.3ms)
  Rendered /home/csuser/.rbenv/versions/2.1.5/lib/ruby/gems/2.1.0/gems/web-console-2.1.1/lib/web_console/templates/_inner_console_markup.html within layouts/inlined_string (0.2ms)
  Rendered /home/csuser/.rbenv/versions/2.1.5/lib/ruby/gems/2.1.0/gems/web-console-2.1.1/lib/web_console/templates/_prompt_box_markup.html within layouts/inlined_string (0.4ms)
  Rendered /home/csuser/.rbenv/versions/2.1.5/lib/ruby/gems/2.1.0/gems/web-console-2.1.1/lib/web_console/templates/console.js within layouts/javascript (17.6ms)
  Rendered /home/csuser/.rbenv/versions/2.1.5/lib/ruby/gems/2.1.0/gems/web-console-2.1.1/lib/web_console/templates/main.js within layouts/javascript (0.4ms)
  Rendered /home/csuser/.rbenv/versions/2.1.5/lib/ruby/gems/2.1.0/gems/web-console-2.1.1/lib/web_console/templates/error_page.js within layouts/javascript (0.3ms)
  Rendered /home/csuser/.rbenv/versions/2.1.5/lib/ruby/gems/2.1.0/gems/web-console-2.1.1/lib/web_console/templates/index.html (39.0ms)


Started GET "/" for 127.0.0.1 at 2016-03-01 15:53:51 -0500
  [1m[36mActiveRecord::SchemaMigration Load (0.1ms)[0m  [1mSELECT "schema_migrations".* FROM "schema_migrations"[0m
Processing by AddressesController#index as HTML
  [1m[35mAddress Load (0.3ms)[0m  SELECT "addresses".* FROM "addresses"
  Rendered addresses/index.html.erb within layouts/application (23.5ms)
Completed 500 Internal Server Error in 49ms

ActionView::Template::Error (undefined method `home_number' for #<Address:0x007f0ca4be1a88>):
    18:         <td><%= address.name %></td>
    19:         <td><%= address.email %></td>
    20:         <td><%= address.phone %></td>
    21:         <td><%=l address.home_number %></td>
    22:         <td>
    23:           <%= link_to t('.edit', :default => t("helpers.links.edit")),
    24:                       edit_address_path(address), :class => 'btn btn-default btn-xs' %>
  app/views/addresses/index.html.erb:21:in `block in _app_views_addresses_index_html_erb___3431275860012147839_69846138932420'
  app/views/addresses/index.html.erb:15:in `_app_views_addresses_index_html_erb___3431275860012147839_69846138932420'


  Rendered /home/csuser/.rbenv/versions/2.1.5/lib/ruby/gems/2.1.0/gems/actionpack-4.2.0/lib/action_dispatch/middleware/templates/rescues/_source.erb (7.5ms)
  Rendered /home/csuser/.rbenv/versions/2.1.5/lib/ruby/gems/2.1.0/gems/actionpack-4.2.0/lib/action_dispatch/middleware/templates/rescues/_trace.html.erb (3.0ms)
  Rendered /home/csuser/.rbenv/versions/2.1.5/lib/ruby/gems/2.1.0/gems/actionpack-4.2.0/lib/action_dispatch/middleware/templates/rescues/_request_and_response.html.erb (2.2ms)
  Rendered /home/csuser/.rbenv/versions/2.1.5/lib/ruby/gems/2.1.0/gems/actionpack-4.2.0/lib/action_dispatch/middleware/templates/rescues/template_error.html.erb within rescues/layout (27.7ms)
  Rendered /home/csuser/.rbenv/versions/2.1.5/lib/ruby/gems/2.1.0/gems/web-console-2.1.1/lib/web_console/templates/_markup.html (0.4ms)
  Rendered /home/csuser/.rbenv/versions/2.1.5/lib/ruby/gems/2.1.0/gems/web-console-2.1.1/lib/web_console/templates/style.css within layouts/inlined_string (0.3ms)
  Rendered /home/csuser/.rbenv/versions/2.1.5/lib/ruby/gems/2.1.0/gems/web-console-2.1.1/lib/web_console/templates/_inner_console_markup.html within layouts/inlined_string (0.2ms)
  Rendered /home/csuser/.rbenv/versions/2.1.5/lib/ruby/gems/2.1.0/gems/web-console-2.1.1/lib/web_console/templates/_prompt_box_markup.html within layouts/inlined_string (4.4ms)
  Rendered /home/csuser/.rbenv/versions/2.1.5/lib/ruby/gems/2.1.0/gems/web-console-2.1.1/lib/web_console/templates/console.js within layouts/javascript (18.8ms)
  Rendered /home/csuser/.rbenv/versions/2.1.5/lib/ruby/gems/2.1.0/gems/web-console-2.1.1/lib/web_console/templates/main.js within layouts/javascript (0.4ms)
  Rendered /home/csuser/.rbenv/versions/2.1.5/lib/ruby/gems/2.1.0/gems/web-console-2.1.1/lib/web_console/templates/error_page.js within layouts/javascript (0.3ms)
  Rendered /home/csuser/.rbenv/versions/2.1.5/lib/ruby/gems/2.1.0/gems/web-console-2.1.1/lib/web_console/templates/index.html (41.0ms)


Started GET "/" for 127.0.0.1 at 2016-03-01 15:54:23 -0500
  [1m[36mActiveRecord::SchemaMigration Load (0.1ms)[0m  [1mSELECT "schema_migrations".* FROM "schema_migrations"[0m
Processing by AddressesController#index as HTML
  [1m[35mAddress Load (0.2ms)[0m  SELECT "addresses".* FROM "addresses"
  Rendered addresses/index.html.erb within layouts/application (22.9ms)
Completed 500 Internal Server Error in 45ms

ActionView::Template::Error (Object must be a Date, DateTime or Time object. nil given.):
    18:         <td><%= address.name %></td>
    19:         <td><%= address.email %></td>
    20:         <td><%= address.phone %></td>
    21:         <td><%=l address.home_phone %></td>
    22:         <td>
    23:           <%= link_to t('.edit', :default => t("helpers.links.edit")),
    24:                       edit_address_path(address), :class => 'btn btn-default btn-xs' %>
  app/views/addresses/index.html.erb:21:in `block in _app_views_addresses_index_html_erb___3311323419667425268_70274931030220'
  app/views/addresses/index.html.erb:15:in `_app_views_addresses_index_html_erb___3311323419667425268_70274931030220'


  Rendered /home/csuser/.rbenv/versions/2.1.5/lib/ruby/gems/2.1.0/gems/actionpack-4.2.0/lib/action_dispatch/middleware/templates/rescues/_source.erb (7.2ms)
  Rendered /home/csuser/.rbenv/versions/2.1.5/lib/ruby/gems/2.1.0/gems/actionpack-4.2.0/lib/action_dispatch/middleware/templates/rescues/_trace.html.erb (2.7ms)
  Rendered /home/csuser/.rbenv/versions/2.1.5/lib/ruby/gems/2.1.0/gems/actionpack-4.2.0/lib/action_dispatch/middleware/templates/rescues/_request_and_response.html.erb (0.9ms)
  Rendered /home/csuser/.rbenv/versions/2.1.5/lib/ruby/gems/2.1.0/gems/actionpack-4.2.0/lib/action_dispatch/middleware/templates/rescues/template_error.html.erb within rescues/layout (25.2ms)
  Rendered /home/csuser/.rbenv/versions/2.1.5/lib/ruby/gems/2.1.0/gems/web-console-2.1.1/lib/web_console/templates/_markup.html (0.5ms)
  Rendered /home/csuser/.rbenv/versions/2.1.5/lib/ruby/gems/2.1.0/gems/web-console-2.1.1/lib/web_console/templates/style.css within layouts/inlined_string (0.3ms)
  Rendered /home/csuser/.rbenv/versions/2.1.5/lib/ruby/gems/2.1.0/gems/web-console-2.1.1/lib/web_console/templates/_inner_console_markup.html within layouts/inlined_string (0.5ms)
  Rendered /home/csuser/.rbenv/versions/2.1.5/lib/ruby/gems/2.1.0/gems/web-console-2.1.1/lib/web_console/templates/_prompt_box_markup.html within layouts/inlined_string (0.3ms)
  Rendered /home/csuser/.rbenv/versions/2.1.5/lib/ruby/gems/2.1.0/gems/web-console-2.1.1/lib/web_console/templates/console.js within layouts/javascript (19.1ms)
  Rendered /home/csuser/.rbenv/versions/2.1.5/lib/ruby/gems/2.1.0/gems/web-console-2.1.1/lib/web_console/templates/main.js within layouts/javascript (0.2ms)
  Rendered /home/csuser/.rbenv/versions/2.1.5/lib/ruby/gems/2.1.0/gems/web-console-2.1.1/lib/web_console/templates/error_page.js within layouts/javascript (1.1ms)
  Rendered /home/csuser/.rbenv/versions/2.1.5/lib/ruby/gems/2.1.0/gems/web-console-2.1.1/lib/web_console/templates/index.html (44.6ms)


Started GET "/" for 127.0.0.1 at 2016-03-01 15:54:50 -0500
  [1m[36mActiveRecord::SchemaMigration Load (0.1ms)[0m  [1mSELECT "schema_migrations".* FROM "schema_migrations"[0m
Processing by AddressesController#index as HTML
  [1m[35mAddress Load (0.2ms)[0m  SELECT "addresses".* FROM "addresses"
  Rendered addresses/index.html.erb within layouts/application (22.2ms)
Completed 200 OK in 333ms (Views: 319.4ms | ActiveRecord: 2.4ms)


Started GET "/assets/addresses-64e62ddc273c2f5847f30d698ca14b67.css?body=1" for 127.0.0.1 at 2016-03-01 15:54:50 -0500


Started GET "/assets/bootstrap_and_overrides-c898afd34e65cf96cc891719e5c6da70.css?body=1" for 127.0.0.1 at 2016-03-01 15:54:50 -0500


Started GET "/assets/scaffolds-19608161e224f8c5bb1196054caadf43.css?body=1" for 127.0.0.1 at 2016-03-01 15:54:50 -0500


Started GET "/assets/application-b502c2352757bcfbfb3dcc4f0649833f.css?body=1" for 127.0.0.1 at 2016-03-01 15:54:50 -0500


Started GET "/assets/jquery-87424c3c19e96d4fb033c10ebe21ec40.js?body=1" for 127.0.0.1 at 2016-03-01 15:54:51 -0500


Started GET "/assets/jquery_ujs-e27bd20a10d28155845a22d71ef94f2f.js?body=1" for 127.0.0.1 at 2016-03-01 15:54:51 -0500


Started GET "/assets/twitter/bootstrap/transition-49c071d4d736acca69daed5bd6c4fdbd.js?body=1" for 127.0.0.1 at 2016-03-01 15:54:51 -0500


Started GET "/assets/twitter/bootstrap/alert-4fa131fff2ae05a1d89df662cd4a8531.js?body=1" for 127.0.0.1 at 2016-03-01 15:54:51 -0500


Started GET "/assets/twitter/bootstrap/modal-d403efa7333c333fdeecc5daa727c437.js?body=1" for 127.0.0.1 at 2016-03-01 15:54:51 -0500


Started GET "/assets/twitter/bootstrap/dropdown-89b3696cc302eaf377aca640fae08632.js?body=1" for 127.0.0.1 at 2016-03-01 15:54:51 -0500


Started GET "/assets/twitter/bootstrap/scrollspy-f3a0e91892e9edb7ccced4ed84ff23ec.js?body=1" for 127.0.0.1 at 2016-03-01 15:54:51 -0500


Started GET "/assets/twitter/bootstrap/tab-fab339701c02e2cb7d02570dd26fcf10.js?body=1" for 127.0.0.1 at 2016-03-01 15:54:51 -0500


Started GET "/assets/twitter/bootstrap/tooltip-1727c885f6618bb619e6a29ef0496d11.js?body=1" for 127.0.0.1 at 2016-03-01 15:54:51 -0500


Started GET "/assets/twitter/bootstrap/popover-c19ae92999a32fa658ffe5d5cc13d195.js?body=1" for 127.0.0.1 at 2016-03-01 15:54:51 -0500


Started GET "/assets/twitter/bootstrap/button-dcd83af4b8aa46a9026dec4ea360a003.js?body=1" for 127.0.0.1 at 2016-03-01 15:54:51 -0500


Started GET "/assets/twitter/bootstrap/collapse-cfd6f6e5cff9c41e78cc52464a71358b.js?body=1" for 127.0.0.1 at 2016-03-01 15:54:51 -0500


Started GET "/assets/twitter/bootstrap/carousel-ac6115504ba6a31f58406c5978a6aa20.js?body=1" for 127.0.0.1 at 2016-03-01 15:54:51 -0500


Started GET "/assets/twitter/bootstrap/affix-745457a96802e8f61e15a7622b54b68f.js?body=1" for 127.0.0.1 at 2016-03-01 15:54:51 -0500


Started GET "/assets/turbolinks-f87b3583ca50adb0488b031297f5580d.js?body=1" for 127.0.0.1 at 2016-03-01 15:54:51 -0500


Started GET "/assets/twitter/bootstrap-4a7c8463ef111cbe52eec5efe89f8319.js?body=1" for 127.0.0.1 at 2016-03-01 15:54:51 -0500


Started GET "/assets/addresses-fcec5b5a277ac7c20cc9f45a209a3bcd.js?body=1" for 127.0.0.1 at 2016-03-01 15:54:51 -0500


Started GET "/assets/bootstrap-91416daf9f05a6e9ca13ef54aa8dcb39.js?body=1" for 127.0.0.1 at 2016-03-01 15:54:51 -0500


Started GET "/assets/application-bbe0484434bc68fc43250b06cbcd33fb.js?body=1" for 127.0.0.1 at 2016-03-01 15:54:51 -0500
  [1m[36mActiveRecord::SchemaMigration Load (0.5ms)[0m  [1mSELECT "schema_migrations".* FROM "schema_migrations"[0m
  [1m[35mActiveRecord::SchemaMigration Load (0.3ms)[0m  SELECT "schema_migrations".* FROM "schema_migrations"
  [1m[36mActiveRecord::SchemaMigration Load (0.3ms)[0m  [1mSELECT "schema_migrations".* FROM "schema_migrations"[0m
  [1m[35m (0.1ms)[0m  begin transaction
  [1m[36mSQL (7.7ms)[0m  [1mINSERT INTO "addresses" ("name", "email", "phone", "home_phone", "created_at", "updated_at") VALUES (?, ?, ?, ?, ?, ?)[0m  [["name", "Sherlock"], ["email", "sherlock@gmail.com"], ["phone", "745-4343"], ["home_phone", "323244234"], ["created_at", "2016-03-22 04:26:13.386029"], ["updated_at", "2016-03-22 04:26:13.386029"]]
  [1m[35m (6.0ms)[0m  commit transaction
  [1m[36m (0.1ms)[0m  [1mbegin transaction[0m
  [1m[35mSQL (1.3ms)[0m  INSERT INTO "addresses" ("name", "email", "phone", "home_phone", "created_at", "updated_at") VALUES (?, ?, ?, ?, ?, ?)  [["name", "Jill"], ["email", "jil@gmail.com"], ["phone", "645-6364"], ["home_phone", "323244234"], ["created_at", "2016-03-22 04:26:13.405676"], ["updated_at", "2016-03-22 04:26:13.405676"]]
  [1m[36m (4.8ms)[0m  [1mcommit transaction[0m


Started GET "/" for 127.0.0.1 at 2016-03-22 00:26:24 -0400
  [1m[36mActiveRecord::SchemaMigration Load (0.4ms)[0m  [1mSELECT "schema_migrations".* FROM "schema_migrations"[0m
Processing by AddressesController#index as HTML
  [1m[35mAddress Load (2.5ms)[0m  SELECT "addresses".* FROM "addresses"
  Rendered addresses/index.html.erb within layouts/application (48.6ms)
Completed 200 OK in 1332ms (Views: 1283.5ms | ActiveRecord: 11.5ms)


Started GET "/assets/addresses-64e62ddc273c2f5847f30d698ca14b67.css?body=1" for 127.0.0.1 at 2016-03-22 00:26:26 -0400


Started GET "/assets/jquery-87424c3c19e96d4fb033c10ebe21ec40.js?body=1" for 127.0.0.1 at 2016-03-22 00:26:26 -0400


Started GET "/assets/application-b502c2352757bcfbfb3dcc4f0649833f.css?body=1" for 127.0.0.1 at 2016-03-22 00:26:27 -0400


Started GET "/assets/scaffolds-19608161e224f8c5bb1196054caadf43.css?body=1" for 127.0.0.1 at 2016-03-22 00:26:27 -0400


Started GET "/assets/jquery_ujs-e27bd20a10d28155845a22d71ef94f2f.js?body=1" for 127.0.0.1 at 2016-03-22 00:26:27 -0400


Started GET "/assets/bootstrap_and_overrides-c898afd34e65cf96cc891719e5c6da70.css?body=1" for 127.0.0.1 at 2016-03-22 00:26:27 -0400


Started GET "/assets/twitter/bootstrap/transition-49c071d4d736acca69daed5bd6c4fdbd.js?body=1" for 127.0.0.1 at 2016-03-22 00:26:27 -0400


Started GET "/assets/twitter/bootstrap/alert-4fa131fff2ae05a1d89df662cd4a8531.js?body=1" for 127.0.0.1 at 2016-03-22 00:26:27 -0400


Started GET "/assets/twitter/bootstrap/modal-d403efa7333c333fdeecc5daa727c437.js?body=1" for 127.0.0.1 at 2016-03-22 00:26:27 -0400


Started GET "/assets/twitter/bootstrap/dropdown-89b3696cc302eaf377aca640fae08632.js?body=1" for 127.0.0.1 at 2016-03-22 00:26:27 -0400


Started GET "/assets/twitter/bootstrap/scrollspy-f3a0e91892e9edb7ccced4ed84ff23ec.js?body=1" for 127.0.0.1 at 2016-03-22 00:26:27 -0400


Started GET "/assets/twitter/bootstrap/tab-fab339701c02e2cb7d02570dd26fcf10.js?body=1" for 127.0.0.1 at 2016-03-22 00:26:27 -0400


Started GET "/assets/twitter/bootstrap/tooltip-1727c885f6618bb619e6a29ef0496d11.js?body=1" for 127.0.0.1 at 2016-03-22 00:26:27 -0400


Started GET "/assets/twitter/bootstrap/popover-c19ae92999a32fa658ffe5d5cc13d195.js?body=1" for 127.0.0.1 at 2016-03-22 00:26:27 -0400


Started GET "/assets/twitter/bootstrap/button-dcd83af4b8aa46a9026dec4ea360a003.js?body=1" for 127.0.0.1 at 2016-03-22 00:26:28 -0400


Started GET "/assets/twitter/bootstrap/collapse-cfd6f6e5cff9c41e78cc52464a71358b.js?body=1" for 127.0.0.1 at 2016-03-22 00:26:28 -0400


Started GET "/assets/twitter/bootstrap/carousel-ac6115504ba6a31f58406c5978a6aa20.js?body=1" for 127.0.0.1 at 2016-03-22 00:26:28 -0400


Started GET "/assets/twitter/bootstrap/affix-745457a96802e8f61e15a7622b54b68f.js?body=1" for 127.0.0.1 at 2016-03-22 00:26:28 -0400


Started GET "/assets/twitter/bootstrap-4a7c8463ef111cbe52eec5efe89f8319.js?body=1" for 127.0.0.1 at 2016-03-22 00:26:28 -0400


Started GET "/assets/turbolinks-f87b3583ca50adb0488b031297f5580d.js?body=1" for 127.0.0.1 at 2016-03-22 00:26:28 -0400


Started GET "/assets/addresses-fcec5b5a277ac7c20cc9f45a209a3bcd.js?body=1" for 127.0.0.1 at 2016-03-22 00:26:28 -0400


Started GET "/assets/bootstrap-91416daf9f05a6e9ca13ef54aa8dcb39.js?body=1" for 127.0.0.1 at 2016-03-22 00:26:28 -0400


Started GET "/assets/application-bbe0484434bc68fc43250b06cbcd33fb.js?body=1" for 127.0.0.1 at 2016-03-22 00:26:28 -0400


Started GET "/" for ::1 at 2016-04-05 18:10:00 -0400
  [1m[36mActiveRecord::SchemaMigration Load (0.2ms)[0m  [1mSELECT "schema_migrations".* FROM "schema_migrations"[0m

ActiveRecord::PendingMigrationError (

Migrations are pending. To resolve this issue, run:

	bin/rake db:migrate RAILS_ENV=development

):
  activerecord (4.2.0) lib/active_record/migration.rb:393:in `check_pending!'
  activerecord (4.2.0) lib/active_record/migration.rb:374:in `call'
  actionpack (4.2.0) lib/action_dispatch/middleware/callbacks.rb:29:in `block in call'
  activesupport (4.2.0) lib/active_support/callbacks.rb:88:in `call'
  activesupport (4.2.0) lib/active_support/callbacks.rb:88:in `_run_callbacks'
  activesupport (4.2.0) lib/active_support/callbacks.rb:734:in `_run_call_callbacks'
  activesupport (4.2.0) lib/active_support/callbacks.rb:81:in `run_callbacks'
  actionpack (4.2.0) lib/action_dispatch/middleware/callbacks.rb:27:in `call'
  actionpack (4.2.0) lib/action_dispatch/middleware/reloader.rb:73:in `call'
  actionpack (4.2.0) lib/action_dispatch/middleware/remote_ip.rb:78:in `call'
  actionpack (4.2.0) lib/action_dispatch/middleware/debug_exceptions.rb:17:in `call'
  web-console (2.1.1) lib/web_console/middleware.rb:37:in `call'
  actionpack (4.2.0) lib/action_dispatch/middleware/show_exceptions.rb:30:in `call'
  railties (4.2.0) lib/rails/rack/logger.rb:38:in `call_app'
  railties (4.2.0) lib/rails/rack/logger.rb:20:in `block in call'
  activesupport (4.2.0) lib/active_support/tagged_logging.rb:68:in `block in tagged'
  activesupport (4.2.0) lib/active_support/tagged_logging.rb:26:in `tagged'
  activesupport (4.2.0) lib/active_support/tagged_logging.rb:68:in `tagged'
  railties (4.2.0) lib/rails/rack/logger.rb:20:in `call'
  actionpack (4.2.0) lib/action_dispatch/middleware/request_id.rb:21:in `call'
  rack (1.6.0) lib/rack/methodoverride.rb:22:in `call'
  rack (1.6.0) lib/rack/runtime.rb:18:in `call'
  activesupport (4.2.0) lib/active_support/cache/strategy/local_cache_middleware.rb:28:in `call'
  rack (1.6.0) lib/rack/lock.rb:17:in `call'
  actionpack (4.2.0) lib/action_dispatch/middleware/static.rb:113:in `call'
  rack (1.6.0) lib/rack/sendfile.rb:113:in `call'
  railties (4.2.0) lib/rails/engine.rb:518:in `call'
  railties (4.2.0) lib/rails/application.rb:164:in `call'
  rack (1.6.0) lib/rack/lock.rb:17:in `call'
  rack (1.6.0) lib/rack/content_length.rb:15:in `call'
  rack (1.6.0) lib/rack/handler/webrick.rb:89:in `service'
  /usr/local/Cellar/ruby/2.2.2/lib/ruby/2.2.0/webrick/httpserver.rb:138:in `service'
  /usr/local/Cellar/ruby/2.2.2/lib/ruby/2.2.0/webrick/httpserver.rb:94:in `run'
  /usr/local/Cellar/ruby/2.2.2/lib/ruby/2.2.0/webrick/server.rb:294:in `block in start_thread'


  Rendered /usr/local/lib/ruby/gems/2.2.0/gems/actionpack-4.2.0/lib/action_dispatch/middleware/templates/rescues/_source.erb (4.3ms)
  Rendered /usr/local/lib/ruby/gems/2.2.0/gems/actionpack-4.2.0/lib/action_dispatch/middleware/templates/rescues/_trace.html.erb (1.9ms)
  Rendered /usr/local/lib/ruby/gems/2.2.0/gems/actionpack-4.2.0/lib/action_dispatch/middleware/templates/rescues/_request_and_response.html.erb (1.5ms)
  Rendered /usr/local/lib/ruby/gems/2.2.0/gems/actionpack-4.2.0/lib/action_dispatch/middleware/templates/rescues/diagnostics.html.erb within rescues/layout (86.6ms)
  Rendered /usr/local/lib/ruby/gems/2.2.0/gems/web-console-2.1.1/lib/web_console/templates/_markup.html (0.6ms)
  Rendered /usr/local/lib/ruby/gems/2.2.0/gems/web-console-2.1.1/lib/web_console/templates/style.css within layouts/inlined_string (0.5ms)
  Rendered /usr/local/lib/ruby/gems/2.2.0/gems/web-console-2.1.1/lib/web_console/templates/_inner_console_markup.html within layouts/inlined_string (0.5ms)
  Rendered /usr/local/lib/ruby/gems/2.2.0/gems/web-console-2.1.1/lib/web_console/templates/_prompt_box_markup.html within layouts/inlined_string (0.4ms)
  Rendered /usr/local/lib/ruby/gems/2.2.0/gems/web-console-2.1.1/lib/web_console/templates/console.js within layouts/javascript (73.1ms)
  Rendered /usr/local/lib/ruby/gems/2.2.0/gems/web-console-2.1.1/lib/web_console/templates/main.js within layouts/javascript (0.5ms)
  Rendered /usr/local/lib/ruby/gems/2.2.0/gems/web-console-2.1.1/lib/web_console/templates/error_page.js within layouts/javascript (0.6ms)
  Rendered /usr/local/lib/ruby/gems/2.2.0/gems/web-console-2.1.1/lib/web_console/templates/index.html (189.5ms)
  [1m[36mActiveRecord::SchemaMigration Load (0.1ms)[0m  [1mSELECT "schema_migrations".* FROM "schema_migrations"[0m
Migrating to DeviseCreateUsers (20160329192354)
  [1m[35m (0.2ms)[0m  begin transaction
  [1m[36m (0.8ms)[0m  [1mCREATE TABLE "users" ("id" INTEGER PRIMARY KEY AUTOINCREMENT NOT NULL, "email" varchar DEFAULT '' NOT NULL, "encrypted_password" varchar DEFAULT '' NOT NULL, "reset_password_token" varchar, "reset_password_sent_at" datetime, "remember_created_at" datetime, "sign_in_count" integer DEFAULT 0 NOT NULL, "current_sign_in_at" datetime, "last_sign_in_at" datetime, "current_sign_in_ip" varchar, "last_sign_in_ip" varchar, "created_at" datetime NOT NULL, "updated_at" datetime NOT NULL) [0m
  [1m[35m (0.1ms)[0m  select sqlite_version(*)
  [1m[36m (0.6ms)[0m  [1mCREATE UNIQUE INDEX "index_users_on_email" ON "users" ("email")[0m
  [1m[35m (0.1ms)[0m              SELECT sql
            FROM sqlite_master
            WHERE name='index_users_on_email' AND type='index'
            UNION ALL
            SELECT sql
            FROM sqlite_temp_master
            WHERE name='index_users_on_email' AND type='index'

  [1m[36m (0.2ms)[0m  [1mCREATE UNIQUE INDEX "index_users_on_reset_password_token" ON "users" ("reset_password_token")[0m
  [1m[35mSQL (0.3ms)[0m  INSERT INTO "schema_migrations" ("version") VALUES (?)  [["version", "20160329192354"]]
  [1m[36m (21.5ms)[0m  [1mcommit transaction[0m
  [1m[35mActiveRecord::SchemaMigration Load (0.1ms)[0m  SELECT "schema_migrations".* FROM "schema_migrations"
  [1m[36m (0.2ms)[0m  [1m            SELECT sql
            FROM sqlite_master
            WHERE name='index_users_on_reset_password_token' AND type='index'
            UNION ALL
            SELECT sql
            FROM sqlite_temp_master
            WHERE name='index_users_on_reset_password_token' AND type='index'
[0m
  [1m[35m (0.2ms)[0m              SELECT sql
            FROM sqlite_master
            WHERE name='index_users_on_email' AND type='index'
            UNION ALL
            SELECT sql
            FROM sqlite_temp_master
            WHERE name='index_users_on_email' AND type='index'



Started GET "/" for ::1 at 2016-04-05 18:10:43 -0400
  [1m[35mActiveRecord::SchemaMigration Load (0.1ms)[0m  SELECT "schema_migrations".* FROM "schema_migrations"
Processing by AddressesController#index as HTML
  [1m[36mAddress Load (0.3ms)[0m  [1mSELECT "addresses".* FROM "addresses"[0m
  Rendered addresses/index.html.erb within layouts/application (81.9ms)
Completed 200 OK in 2828ms (Views: 2804.6ms | ActiveRecord: 0.7ms)


Started GET "/assets/addresses-64e62ddc273c2f5847f30d698ca14b67.css?body=1" for ::1 at 2016-04-05 18:10:46 -0400


Started GET "/assets/bootstrap_and_overrides-c898afd34e65cf96cc891719e5c6da70.css?body=1" for ::1 at 2016-04-05 18:10:46 -0400


Started GET "/assets/jquery-87424c3c19e96d4fb033c10ebe21ec40.js?body=1" for ::1 at 2016-04-05 18:10:46 -0400


Started GET "/assets/scaffolds-19608161e224f8c5bb1196054caadf43.css?body=1" for ::1 at 2016-04-05 18:10:46 -0400


Started GET "/assets/application-b502c2352757bcfbfb3dcc4f0649833f.css?body=1" for ::1 at 2016-04-05 18:10:46 -0400


Started GET "/assets/jquery_ujs-e27bd20a10d28155845a22d71ef94f2f.js?body=1" for ::1 at 2016-04-05 18:10:46 -0400


Started GET "/assets/twitter/bootstrap/transition-49c071d4d736acca69daed5bd6c4fdbd.js?body=1" for ::1 at 2016-04-05 18:10:46 -0400


Started GET "/assets/twitter/bootstrap/alert-4fa131fff2ae05a1d89df662cd4a8531.js?body=1" for ::1 at 2016-04-05 18:10:46 -0400


Started GET "/assets/twitter/bootstrap/modal-d403efa7333c333fdeecc5daa727c437.js?body=1" for ::1 at 2016-04-05 18:10:46 -0400


Started GET "/assets/twitter/bootstrap/dropdown-89b3696cc302eaf377aca640fae08632.js?body=1" for ::1 at 2016-04-05 18:10:46 -0400


Started GET "/assets/twitter/bootstrap/scrollspy-f3a0e91892e9edb7ccced4ed84ff23ec.js?body=1" for ::1 at 2016-04-05 18:10:46 -0400


Started GET "/assets/twitter/bootstrap/tab-fab339701c02e2cb7d02570dd26fcf10.js?body=1" for ::1 at 2016-04-05 18:10:46 -0400


Started GET "/assets/twitter/bootstrap/tooltip-1727c885f6618bb619e6a29ef0496d11.js?body=1" for ::1 at 2016-04-05 18:10:46 -0400


Started GET "/assets/twitter/bootstrap/popover-c19ae92999a32fa658ffe5d5cc13d195.js?body=1" for ::1 at 2016-04-05 18:10:46 -0400


Started GET "/assets/twitter/bootstrap/button-dcd83af4b8aa46a9026dec4ea360a003.js?body=1" for ::1 at 2016-04-05 18:10:46 -0400


Started GET "/assets/twitter/bootstrap/collapse-cfd6f6e5cff9c41e78cc52464a71358b.js?body=1" for ::1 at 2016-04-05 18:10:46 -0400


Started GET "/assets/twitter/bootstrap/affix-745457a96802e8f61e15a7622b54b68f.js?body=1" for ::1 at 2016-04-05 18:10:46 -0400


Started GET "/assets/twitter/bootstrap/carousel-ac6115504ba6a31f58406c5978a6aa20.js?body=1" for ::1 at 2016-04-05 18:10:46 -0400


Started GET "/assets/twitter/bootstrap-4a7c8463ef111cbe52eec5efe89f8319.js?body=1" for ::1 at 2016-04-05 18:10:46 -0400


Started GET "/assets/turbolinks-f87b3583ca50adb0488b031297f5580d.js?body=1" for ::1 at 2016-04-05 18:10:46 -0400


Started GET "/assets/addresses-fcec5b5a277ac7c20cc9f45a209a3bcd.js?body=1" for ::1 at 2016-04-05 18:10:46 -0400


Started GET "/assets/bootstrap-91416daf9f05a6e9ca13ef54aa8dcb39.js?body=1" for ::1 at 2016-04-05 18:10:46 -0400


Started GET "/assets/application-bbe0484434bc68fc43250b06cbcd33fb.js?body=1" for ::1 at 2016-04-05 18:10:46 -0400


Started GET "/users" for ::1 at 2016-04-05 18:12:47 -0400

ActionController::RoutingError (No route matches [GET] "/users"):
  actionpack (4.2.0) lib/action_dispatch/middleware/debug_exceptions.rb:21:in `call'
  web-console (2.1.1) lib/web_console/middleware.rb:37:in `call'
  actionpack (4.2.0) lib/action_dispatch/middleware/show_exceptions.rb:30:in `call'
  railties (4.2.0) lib/rails/rack/logger.rb:38:in `call_app'
  railties (4.2.0) lib/rails/rack/logger.rb:20:in `block in call'
  activesupport (4.2.0) lib/active_support/tagged_logging.rb:68:in `block in tagged'
  activesupport (4.2.0) lib/active_support/tagged_logging.rb:26:in `tagged'
  activesupport (4.2.0) lib/active_support/tagged_logging.rb:68:in `tagged'
  railties (4.2.0) lib/rails/rack/logger.rb:20:in `call'
  actionpack (4.2.0) lib/action_dispatch/middleware/request_id.rb:21:in `call'
  rack (1.6.0) lib/rack/methodoverride.rb:22:in `call'
  rack (1.6.0) lib/rack/runtime.rb:18:in `call'
  activesupport (4.2.0) lib/active_support/cache/strategy/local_cache_middleware.rb:28:in `call'
  rack (1.6.0) lib/rack/lock.rb:17:in `call'
  actionpack (4.2.0) lib/action_dispatch/middleware/static.rb:113:in `call'
  rack (1.6.0) lib/rack/sendfile.rb:113:in `call'
  railties (4.2.0) lib/rails/engine.rb:518:in `call'
  railties (4.2.0) lib/rails/application.rb:164:in `call'
  rack (1.6.0) lib/rack/lock.rb:17:in `call'
  rack (1.6.0) lib/rack/content_length.rb:15:in `call'
  rack (1.6.0) lib/rack/handler/webrick.rb:89:in `service'
  /usr/local/Cellar/ruby/2.2.2/lib/ruby/2.2.0/webrick/httpserver.rb:138:in `service'
  /usr/local/Cellar/ruby/2.2.2/lib/ruby/2.2.0/webrick/httpserver.rb:94:in `run'
  /usr/local/Cellar/ruby/2.2.2/lib/ruby/2.2.0/webrick/server.rb:294:in `block in start_thread'


  Rendered /usr/local/lib/ruby/gems/2.2.0/gems/actionpack-4.2.0/lib/action_dispatch/middleware/templates/rescues/_trace.html.erb (2.6ms)
  Rendered /usr/local/lib/ruby/gems/2.2.0/gems/actionpack-4.2.0/lib/action_dispatch/middleware/templates/routes/_route.html.erb (4.4ms)
  Rendered /usr/local/lib/ruby/gems/2.2.0/gems/actionpack-4.2.0/lib/action_dispatch/middleware/templates/routes/_table.html.erb (25.7ms)
  Rendered /usr/local/lib/ruby/gems/2.2.0/gems/actionpack-4.2.0/lib/action_dispatch/middleware/templates/rescues/_request_and_response.html.erb (2.6ms)
  Rendered /usr/local/lib/ruby/gems/2.2.0/gems/actionpack-4.2.0/lib/action_dispatch/middleware/templates/rescues/routing_error.html.erb within rescues/layout (144.5ms)
  Rendered /usr/local/lib/ruby/gems/2.2.0/gems/web-console-2.1.1/lib/web_console/templates/_markup.html (0.6ms)
  Rendered /usr/local/lib/ruby/gems/2.2.0/gems/web-console-2.1.1/lib/web_console/templates/style.css within layouts/inlined_string (0.5ms)
  Rendered /usr/local/lib/ruby/gems/2.2.0/gems/web-console-2.1.1/lib/web_console/templates/_inner_console_markup.html within layouts/inlined_string (0.5ms)
  Rendered /usr/local/lib/ruby/gems/2.2.0/gems/web-console-2.1.1/lib/web_console/templates/_prompt_box_markup.html within layouts/inlined_string (0.4ms)
  Rendered /usr/local/lib/ruby/gems/2.2.0/gems/web-console-2.1.1/lib/web_console/templates/console.js within layouts/javascript (62.9ms)
  Rendered /usr/local/lib/ruby/gems/2.2.0/gems/web-console-2.1.1/lib/web_console/templates/main.js within layouts/javascript (0.5ms)
  Rendered /usr/local/lib/ruby/gems/2.2.0/gems/web-console-2.1.1/lib/web_console/templates/error_page.js within layouts/javascript (0.7ms)
  Rendered /usr/local/lib/ruby/gems/2.2.0/gems/web-console-2.1.1/lib/web_console/templates/index.html (147.0ms)


Started GET "/devise" for ::1 at 2016-04-05 18:27:18 -0400

ActionController::RoutingError (No route matches [GET] "/devise"):
  actionpack (4.2.0) lib/action_dispatch/middleware/debug_exceptions.rb:21:in `call'
  web-console (2.1.1) lib/web_console/middleware.rb:37:in `call'
  actionpack (4.2.0) lib/action_dispatch/middleware/show_exceptions.rb:30:in `call'
  railties (4.2.0) lib/rails/rack/logger.rb:38:in `call_app'
  railties (4.2.0) lib/rails/rack/logger.rb:20:in `block in call'
  activesupport (4.2.0) lib/active_support/tagged_logging.rb:68:in `block in tagged'
  activesupport (4.2.0) lib/active_support/tagged_logging.rb:26:in `tagged'
  activesupport (4.2.0) lib/active_support/tagged_logging.rb:68:in `tagged'
  railties (4.2.0) lib/rails/rack/logger.rb:20:in `call'
  actionpack (4.2.0) lib/action_dispatch/middleware/request_id.rb:21:in `call'
  rack (1.6.0) lib/rack/methodoverride.rb:22:in `call'
  rack (1.6.0) lib/rack/runtime.rb:18:in `call'
  activesupport (4.2.0) lib/active_support/cache/strategy/local_cache_middleware.rb:28:in `call'
  rack (1.6.0) lib/rack/lock.rb:17:in `call'
  actionpack (4.2.0) lib/action_dispatch/middleware/static.rb:113:in `call'
  rack (1.6.0) lib/rack/sendfile.rb:113:in `call'
  railties (4.2.0) lib/rails/engine.rb:518:in `call'
  railties (4.2.0) lib/rails/application.rb:164:in `call'
  rack (1.6.0) lib/rack/lock.rb:17:in `call'
  rack (1.6.0) lib/rack/content_length.rb:15:in `call'
  rack (1.6.0) lib/rack/handler/webrick.rb:89:in `service'
  /usr/local/Cellar/ruby/2.2.2/lib/ruby/2.2.0/webrick/httpserver.rb:138:in `service'
  /usr/local/Cellar/ruby/2.2.2/lib/ruby/2.2.0/webrick/httpserver.rb:94:in `run'
  /usr/local/Cellar/ruby/2.2.2/lib/ruby/2.2.0/webrick/server.rb:294:in `block in start_thread'


  Rendered /usr/local/lib/ruby/gems/2.2.0/gems/actionpack-4.2.0/lib/action_dispatch/middleware/templates/rescues/_trace.html.erb (2.2ms)
  Rendered /usr/local/lib/ruby/gems/2.2.0/gems/actionpack-4.2.0/lib/action_dispatch/middleware/templates/routes/_route.html.erb (2.5ms)
  Rendered /usr/local/lib/ruby/gems/2.2.0/gems/actionpack-4.2.0/lib/action_dispatch/middleware/templates/routes/_table.html.erb (1.7ms)
  Rendered /usr/local/lib/ruby/gems/2.2.0/gems/actionpack-4.2.0/lib/action_dispatch/middleware/templates/rescues/_request_and_response.html.erb (1.5ms)
  Rendered /usr/local/lib/ruby/gems/2.2.0/gems/actionpack-4.2.0/lib/action_dispatch/middleware/templates/rescues/routing_error.html.erb within rescues/layout (117.5ms)
  Rendered /usr/local/lib/ruby/gems/2.2.0/gems/web-console-2.1.1/lib/web_console/templates/_markup.html (0.7ms)
  Rendered /usr/local/lib/ruby/gems/2.2.0/gems/web-console-2.1.1/lib/web_console/templates/style.css within layouts/inlined_string (0.6ms)
  Rendered /usr/local/lib/ruby/gems/2.2.0/gems/web-console-2.1.1/lib/web_console/templates/_inner_console_markup.html within layouts/inlined_string (0.5ms)
  Rendered /usr/local/lib/ruby/gems/2.2.0/gems/web-console-2.1.1/lib/web_console/templates/_prompt_box_markup.html within layouts/inlined_string (0.5ms)
  Rendered /usr/local/lib/ruby/gems/2.2.0/gems/web-console-2.1.1/lib/web_console/templates/console.js within layouts/javascript (68.9ms)
  Rendered /usr/local/lib/ruby/gems/2.2.0/gems/web-console-2.1.1/lib/web_console/templates/main.js within layouts/javascript (0.5ms)
  Rendered /usr/local/lib/ruby/gems/2.2.0/gems/web-console-2.1.1/lib/web_console/templates/error_page.js within layouts/javascript (0.6ms)
  Rendered /usr/local/lib/ruby/gems/2.2.0/gems/web-console-2.1.1/lib/web_console/templates/index.html (157.1ms)


Started GET "/devise" for ::1 at 2016-04-05 18:28:23 -0400

ActionController::RoutingError (No route matches [GET] "/devise"):
  actionpack (4.2.0) lib/action_dispatch/middleware/debug_exceptions.rb:21:in `call'
  web-console (2.1.1) lib/web_console/middleware.rb:37:in `call'
  actionpack (4.2.0) lib/action_dispatch/middleware/show_exceptions.rb:30:in `call'
  railties (4.2.0) lib/rails/rack/logger.rb:38:in `call_app'
  railties (4.2.0) lib/rails/rack/logger.rb:20:in `block in call'
  activesupport (4.2.0) lib/active_support/tagged_logging.rb:68:in `block in tagged'
  activesupport (4.2.0) lib/active_support/tagged_logging.rb:26:in `tagged'
  activesupport (4.2.0) lib/active_support/tagged_logging.rb:68:in `tagged'
  railties (4.2.0) lib/rails/rack/logger.rb:20:in `call'
  actionpack (4.2.0) lib/action_dispatch/middleware/request_id.rb:21:in `call'
  rack (1.6.0) lib/rack/methodoverride.rb:22:in `call'
  rack (1.6.0) lib/rack/runtime.rb:18:in `call'
  activesupport (4.2.0) lib/active_support/cache/strategy/local_cache_middleware.rb:28:in `call'
  rack (1.6.0) lib/rack/lock.rb:17:in `call'
  actionpack (4.2.0) lib/action_dispatch/middleware/static.rb:113:in `call'
  rack (1.6.0) lib/rack/sendfile.rb:113:in `call'
  railties (4.2.0) lib/rails/engine.rb:518:in `call'
  railties (4.2.0) lib/rails/application.rb:164:in `call'
  rack (1.6.0) lib/rack/lock.rb:17:in `call'
  rack (1.6.0) lib/rack/content_length.rb:15:in `call'
  rack (1.6.0) lib/rack/handler/webrick.rb:89:in `service'
  /usr/local/Cellar/ruby/2.2.2/lib/ruby/2.2.0/webrick/httpserver.rb:138:in `service'
  /usr/local/Cellar/ruby/2.2.2/lib/ruby/2.2.0/webrick/httpserver.rb:94:in `run'
  /usr/local/Cellar/ruby/2.2.2/lib/ruby/2.2.0/webrick/server.rb:294:in `block in start_thread'


  Rendered /usr/local/lib/ruby/gems/2.2.0/gems/actionpack-4.2.0/lib/action_dispatch/middleware/templates/rescues/_trace.html.erb (1.9ms)
  Rendered /usr/local/lib/ruby/gems/2.2.0/gems/actionpack-4.2.0/lib/action_dispatch/middleware/templates/routes/_route.html.erb (3.2ms)
  Rendered /usr/local/lib/ruby/gems/2.2.0/gems/actionpack-4.2.0/lib/action_dispatch/middleware/templates/routes/_table.html.erb (1.8ms)
  Rendered /usr/local/lib/ruby/gems/2.2.0/gems/actionpack-4.2.0/lib/action_dispatch/middleware/templates/rescues/_request_and_response.html.erb (1.6ms)
  Rendered /usr/local/lib/ruby/gems/2.2.0/gems/actionpack-4.2.0/lib/action_dispatch/middleware/templates/rescues/routing_error.html.erb within rescues/layout (99.1ms)
  Rendered /usr/local/lib/ruby/gems/2.2.0/gems/web-console-2.1.1/lib/web_console/templates/_markup.html (0.8ms)
  Rendered /usr/local/lib/ruby/gems/2.2.0/gems/web-console-2.1.1/lib/web_console/templates/style.css within layouts/inlined_string (0.5ms)
  Rendered /usr/local/lib/ruby/gems/2.2.0/gems/web-console-2.1.1/lib/web_console/templates/_inner_console_markup.html within layouts/inlined_string (0.3ms)
  Rendered /usr/local/lib/ruby/gems/2.2.0/gems/web-console-2.1.1/lib/web_console/templates/_prompt_box_markup.html within layouts/inlined_string (0.4ms)
  Rendered /usr/local/lib/ruby/gems/2.2.0/gems/web-console-2.1.1/lib/web_console/templates/console.js within layouts/javascript (58.3ms)
  Rendered /usr/local/lib/ruby/gems/2.2.0/gems/web-console-2.1.1/lib/web_console/templates/main.js within layouts/javascript (0.7ms)
  Rendered /usr/local/lib/ruby/gems/2.2.0/gems/web-console-2.1.1/lib/web_console/templates/error_page.js within layouts/javascript (0.6ms)
  Rendered /usr/local/lib/ruby/gems/2.2.0/gems/web-console-2.1.1/lib/web_console/templates/index.html (138.6ms)


Started GET "/users" for ::1 at 2016-04-05 18:28:56 -0400

ActionController::RoutingError (No route matches [GET] "/users"):
  actionpack (4.2.0) lib/action_dispatch/middleware/debug_exceptions.rb:21:in `call'
  web-console (2.1.1) lib/web_console/middleware.rb:37:in `call'
  actionpack (4.2.0) lib/action_dispatch/middleware/show_exceptions.rb:30:in `call'
  railties (4.2.0) lib/rails/rack/logger.rb:38:in `call_app'
  railties (4.2.0) lib/rails/rack/logger.rb:20:in `block in call'
  activesupport (4.2.0) lib/active_support/tagged_logging.rb:68:in `block in tagged'
  activesupport (4.2.0) lib/active_support/tagged_logging.rb:26:in `tagged'
  activesupport (4.2.0) lib/active_support/tagged_logging.rb:68:in `tagged'
  railties (4.2.0) lib/rails/rack/logger.rb:20:in `call'
  actionpack (4.2.0) lib/action_dispatch/middleware/request_id.rb:21:in `call'
  rack (1.6.0) lib/rack/methodoverride.rb:22:in `call'
  rack (1.6.0) lib/rack/runtime.rb:18:in `call'
  activesupport (4.2.0) lib/active_support/cache/strategy/local_cache_middleware.rb:28:in `call'
  rack (1.6.0) lib/rack/lock.rb:17:in `call'
  actionpack (4.2.0) lib/action_dispatch/middleware/static.rb:113:in `call'
  rack (1.6.0) lib/rack/sendfile.rb:113:in `call'
  railties (4.2.0) lib/rails/engine.rb:518:in `call'
  railties (4.2.0) lib/rails/application.rb:164:in `call'
  rack (1.6.0) lib/rack/lock.rb:17:in `call'
  rack (1.6.0) lib/rack/content_length.rb:15:in `call'
  rack (1.6.0) lib/rack/handler/webrick.rb:89:in `service'
  /usr/local/Cellar/ruby/2.2.2/lib/ruby/2.2.0/webrick/httpserver.rb:138:in `service'
  /usr/local/Cellar/ruby/2.2.2/lib/ruby/2.2.0/webrick/httpserver.rb:94:in `run'
  /usr/local/Cellar/ruby/2.2.2/lib/ruby/2.2.0/webrick/server.rb:294:in `block in start_thread'


  Rendered /usr/local/lib/ruby/gems/2.2.0/gems/actionpack-4.2.0/lib/action_dispatch/middleware/templates/rescues/_trace.html.erb (2.4ms)
  Rendered /usr/local/lib/ruby/gems/2.2.0/gems/actionpack-4.2.0/lib/action_dispatch/middleware/templates/routes/_route.html.erb (3.3ms)
  Rendered /usr/local/lib/ruby/gems/2.2.0/gems/actionpack-4.2.0/lib/action_dispatch/middleware/templates/routes/_table.html.erb (1.6ms)
  Rendered /usr/local/lib/ruby/gems/2.2.0/gems/actionpack-4.2.0/lib/action_dispatch/middleware/templates/rescues/_request_and_response.html.erb (1.5ms)
  Rendered /usr/local/lib/ruby/gems/2.2.0/gems/actionpack-4.2.0/lib/action_dispatch/middleware/templates/rescues/routing_error.html.erb within rescues/layout (100.0ms)
  Rendered /usr/local/lib/ruby/gems/2.2.0/gems/web-console-2.1.1/lib/web_console/templates/_markup.html (0.3ms)
  Rendered /usr/local/lib/ruby/gems/2.2.0/gems/web-console-2.1.1/lib/web_console/templates/style.css within layouts/inlined_string (0.5ms)
  Rendered /usr/local/lib/ruby/gems/2.2.0/gems/web-console-2.1.1/lib/web_console/templates/_inner_console_markup.html within layouts/inlined_string (0.6ms)
  Rendered /usr/local/lib/ruby/gems/2.2.0/gems/web-console-2.1.1/lib/web_console/templates/_prompt_box_markup.html within layouts/inlined_string (0.5ms)
  Rendered /usr/local/lib/ruby/gems/2.2.0/gems/web-console-2.1.1/lib/web_console/templates/console.js within layouts/javascript (63.9ms)
  Rendered /usr/local/lib/ruby/gems/2.2.0/gems/web-console-2.1.1/lib/web_console/templates/main.js within layouts/javascript (0.6ms)
  Rendered /usr/local/lib/ruby/gems/2.2.0/gems/web-console-2.1.1/lib/web_console/templates/error_page.js within layouts/javascript (0.6ms)
  Rendered /usr/local/lib/ruby/gems/2.2.0/gems/web-console-2.1.1/lib/web_console/templates/index.html (143.2ms)


Started GET "/users/sign_in" for ::1 at 2016-04-05 18:31:59 -0400
Processing by Devise::SessionsController#new as HTML
  Rendered devise/shared/_links.html.erb (12.3ms)
  Rendered devise/sessions/new.html.erb within layouts/application (63.6ms)
Completed 200 OK in 248ms (Views: 218.9ms | ActiveRecord: 0.4ms)


Started GET "/users/sign_up" for ::1 at 2016-04-05 18:32:04 -0400
Processing by Devise::RegistrationsController#new as HTML
  Rendered devise/shared/_links.html.erb (5.0ms)
  Rendered devise/registrations/new.html.erb within layouts/application (16.0ms)
Completed 200 OK in 164ms (Views: 162.5ms | ActiveRecord: 0.0ms)
